17:11:47: Creating resource group General
17:11:47: Creating resource group Internal
17:11:47: Creating resource group Autodetect
17:11:47: Registering ResourceManager for type Mesh
17:11:47: Registering ResourceManager for type Material
17:11:47: Registering ResourceManager for type Skeleton
17:11:47: XMLMeshSerializer reading mesh data from Plane.mesh.xml...
17:11:47: Reading geometry...
17:11:47: Geometry done...
17:11:47: Reading submeshes...
17:11:47: Submeshes done.
17:11:47: Skeleton: Loading Plane.skeleton
17:11:47: OGRE EXCEPTION(6:FileNotFoundException): Cannot locate resource Plane.skeleton in resource group General or any other group. in ResourceGroupManager::openResource at /home/lafon_l/Downloads/ogre/ogre_src_v1-8-1/OgreMain/src/OgreResourceGroupManager.cpp (line 756)
17:11:47: Unable to load skeleton Plane.skeleton for Mesh conversion. This Mesh will not be animated. You can ignore this message if you are using an offline tool.
17:11:47: Reading bone assignments...
17:11:47: Bone assignments done.
17:11:47: Reading mesh names...
17:11:47: Mesh names done.
17:11:47: XMLMeshSerializer import successful.
17:11:47: Reorganising vertex buffers to automatic layout..
17:11:47: MeshSerializer writing mesh data to stream ...
17:11:47: File header written.
17:11:47: Writing mesh data...
17:11:47: Writing submesh...
17:11:47: Exporting submesh texture aliases...
17:11:47: Submesh texture aliases exported.
17:11:47: Submesh exported.
17:11:47: Exporting skeleton link...
17:11:47: Skeleton link exported.
17:11:47: Exporting shared geometry bone assignments...
17:11:47: Shared geometry bone assignments exported.
17:11:47: Exporting bounds information....
17:11:47: Bounds information exported.
17:11:47: Exporting submesh name table...
17:11:47: Submesh name table exported.
17:11:47: Exporting edge lists...
17:11:47: Edge lists exported
17:11:47: Mesh data exported.
17:11:47: MeshSerializer export successful.
17:11:47: Unregistering ResourceManager for type Skeleton
17:11:47: Unregistering ResourceManager for type Material
17:11:47: Unregistering ResourceManager for type Mesh
