17:41:03: Creating resource group General
17:41:03: Creating resource group Internal
17:41:03: Creating resource group Autodetect
17:41:03: Registering ResourceManager for type Mesh
17:41:03: Registering ResourceManager for type Material
17:41:03: Registering ResourceManager for type Skeleton
17:41:03: XMLMeshSerializer reading mesh data from priest.mesh.xml...
17:41:03: Reading geometry...
17:41:03: Geometry done...
17:41:03: Reading submeshes...
17:41:03: Submeshes done.
17:41:03: Skeleton: Loading priest.skeleton
17:41:03: OGRE EXCEPTION(6:FileNotFoundException): Cannot locate resource priest.skeleton in resource group General or any other group. in ResourceGroupManager::openResource at /home/lafon_l/Downloads/ogre/ogre_src_v1-8-1/OgreMain/src/OgreResourceGroupManager.cpp (line 756)
17:41:03: Unable to load skeleton priest.skeleton for Mesh conversion. This Mesh will not be animated. You can ignore this message if you are using an offline tool.
17:41:03: Reading bone assignments...
17:41:03: Bone assignments done.
17:41:03: Reading mesh names...
17:41:03: Mesh names done.
17:41:03: XMLMeshSerializer import successful.
17:41:03: Reorganising vertex buffers to automatic layout..
17:41:03: MeshSerializer writing mesh data to stream ...
17:41:03: File header written.
17:41:03: Writing mesh data...
17:41:03: Writing submesh...
17:41:03: Exporting submesh texture aliases...
17:41:03: Submesh texture aliases exported.
17:41:03: Submesh exported.
17:41:03: Exporting skeleton link...
17:41:03: Skeleton link exported.
17:41:03: Exporting shared geometry bone assignments...
17:41:03: Shared geometry bone assignments exported.
17:41:03: Exporting bounds information....
17:41:03: Bounds information exported.
17:41:03: Exporting submesh name table...
17:41:03: Submesh name table exported.
17:41:03: Exporting edge lists...
17:41:03: Edge lists exported
17:41:03: Mesh data exported.
17:41:03: MeshSerializer export successful.
17:41:03: Unregistering ResourceManager for type Skeleton
17:41:03: Unregistering ResourceManager for type Material
17:41:03: Unregistering ResourceManager for type Mesh
