13:34:46: Creating resource group General
13:34:46: Creating resource group Internal
13:34:46: Creating resource group Autodetect
13:34:46: SceneManagerFactory for type 'DefaultSceneManager' registered.
13:34:46: Registering ResourceManager for type Material
13:34:46: Registering ResourceManager for type Mesh
13:34:46: Registering ResourceManager for type Skeleton
13:34:46: MovableObjectFactory for type 'ParticleSystem' registered.
13:34:46: ArchiveFactory for archive type FileSystem registered.
13:34:46: DDS codec registering
13:34:46: stb_image - v2.02 - public domain JPEG/PNG reader
13:34:46: Supported formats: jpeg,jpg,png,bmp,psd,tga,gif,pic,ppm,pgm
13:34:46: Registering ResourceManager for type HighLevelGpuProgram
13:34:46: Registering ResourceManager for type Compositor
13:34:46: MovableObjectFactory for type 'Entity' registered.
13:34:46: MovableObjectFactory for type 'Light' registered.
13:34:46: MovableObjectFactory for type 'BillboardSet' registered.
13:34:46: MovableObjectFactory for type 'ManualObject' registered.
13:34:46: MovableObjectFactory for type 'BillboardChain' registered.
13:34:46: MovableObjectFactory for type 'RibbonTrail' registered.
13:34:46: Loading library lib/Ogre/RenderSystem_GL
13:34:46: Installing plugin: GL RenderSystem
13:34:46: OpenGL Rendering Subsystem created.
13:34:46: Plugin successfully installed
13:34:46: *-*-* OGRE Initialising
13:34:46: *-*-* Version 1.10.0unstable (Xalafu)
13:34:46: Creating resource group 
13:34:46: Added resource location 'indie-studio/media' of type 'FileSystem' to resource group ''
13:34:46: Added resource location 'indie-studio/media/sinbad' of type 'FileSystem' to resource group ''
13:34:46: Added resource location 'indie-studio/media/archer' of type 'FileSystem' to resource group ''
13:34:46: Added resource location 'indie-studio/media/priest' of type 'FileSystem' to resource group ''
13:34:46: Added resource location 'indie-studio/media/warrior' of type 'FileSystem' to resource group ''
13:34:46: Added resource location 'indie-studio/media/mage' of type 'FileSystem' to resource group ''
13:34:46: Added resource location 'indie-studio/media/gui' of type 'FileSystem' to resource group ''
13:34:46: Added resource location 'indie-studio/media/Images' of type 'FileSystem' to resource group ''
13:34:46: Added resource location 'indie-studio/media/Meshs' of type 'FileSystem' to resource group ''
13:34:46: Added resource location 'indie-studio/media/Sounds' of type 'FileSystem' to resource group ''
13:34:46: Added resource location 'indie-studio/media/Materials' of type 'FileSystem' to resource group ''
13:34:46: Added resource location 'indie-studio/media/arrow' of type 'FileSystem' to resource group ''
13:34:46: Added resource location 'indie-studio/media/icicle' of type 'FileSystem' to resource group ''
13:34:46: Added resource location 'indie-studio/media/boomerang' of type 'FileSystem' to resource group ''
13:34:46: Creating resource group Imagesets
13:34:46: Added resource location 'indie-studio/' of type 'FileSystem' to resource group 'Imagesets'
13:34:46: CPU Identifier & Features
13:34:46: -------------------------
13:34:46:  *   CPU ID: GenuineIntel: Intel(R) Core(TM) i7-4600U CPU @ 2.10GHz
13:34:46:  *      SSE: yes
13:34:46:  *     SSE2: yes
13:34:46:  *     SSE3: yes
13:34:46:  *      MMX: yes
13:34:46:  *   MMXEXT: yes
13:34:46:  *    3DNOW: no
13:34:46:  * 3DNOWEXT: no
13:34:46:  *     CMOV: yes
13:34:46:  *      TSC: yes
13:34:46:  *      FPU: yes
13:34:46:  *      PRO: yes
13:34:46:  *       HT: no
13:34:46: -------------------------
13:34:46: ******************************
*** Starting GLX Subsystem ***
******************************
13:34:46: Registering ResourceManager for type Texture
13:34:46: GLRenderSystem::_createRenderWindow "IndieStudio", 1920x1080 windowed  miscParams: FSAA=0 displayFrequency=60 Hz gamma=No vsync=No 
13:34:46: GLXWindow::create used FBConfigID = 160
13:34:46: GL_VERSION = 3.0 Mesa 11.0.2
13:34:46: GL_VENDOR = Intel Open Source Technology Center
13:34:46: GL_RENDERER = Mesa DRI Intel(R) Haswell Mobile 
13:34:46: GL_EXTENSIONS = GL_ARB_multisample GL_EXT_abgr GL_EXT_bgra GL_EXT_blend_color GL_EXT_blend_minmax GL_EXT_blend_subtract GL_EXT_copy_texture GL_EXT_polygon_offset GL_EXT_subtexture GL_EXT_texture_object GL_EXT_vertex_array GL_EXT_compiled_vertex_array GL_EXT_texture GL_EXT_texture3D GL_IBM_rasterpos_clip GL_ARB_point_parameters GL_EXT_draw_range_elements GL_EXT_packed_pixels GL_EXT_point_parameters GL_EXT_rescale_normal GL_EXT_separate_specular_color GL_EXT_texture_edge_clamp GL_SGIS_generate_mipmap GL_SGIS_texture_border_clamp GL_SGIS_texture_edge_clamp GL_SGIS_texture_lod GL_ARB_framebuffer_sRGB GL_ARB_multitexture GL_EXT_framebuffer_sRGB GL_IBM_multimode_draw_arrays GL_IBM_texture_mirrored_repeat GL_3DFX_texture_compression_FXT1 GL_ARB_texture_cube_map GL_ARB_texture_env_add GL_ARB_transpose_matrix GL_EXT_blend_func_separate GL_EXT_fog_coord GL_EXT_multi_draw_arrays GL_EXT_secondary_color GL_EXT_texture_env_add GL_EXT_texture_filter_anisotropic GL_EXT_texture_lod_bias GL_INGR_blend_func_separate GL_NV_blend_square GL_NV_light_max_exponent GL_NV_texgen_reflection GL_NV_texture_env_combine4 GL_S3_s3tc GL_SUN_multi_draw_arrays GL_ARB_texture_border_clamp GL_ARB_texture_compression GL_EXT_framebuffer_object GL_EXT_texture_compression_s3tc GL_EXT_texture_env_combine GL_EXT_texture_env_dot3 GL_MESA_window_pos GL_NV_packed_depth_stencil GL_NV_texture_rectangle GL_ARB_depth_texture GL_ARB_occlusion_query GL_ARB_shadow GL_ARB_texture_env_combine GL_ARB_texture_env_crossbar GL_ARB_texture_env_dot3 GL_ARB_texture_mirrored_repeat GL_ARB_window_pos GL_EXT_stencil_two_side GL_EXT_texture_cube_map GL_NV_depth_clamp GL_APPLE_packed_pixels GL_APPLE_vertex_array_object GL_ARB_draw_buffers GL_ARB_fragment_program GL_ARB_fragment_shader GL_ARB_shader_objects GL_ARB_vertex_program GL_ARB_vertex_shader GL_ATI_draw_buffers GL_ATI_texture_env_combine3 GL_ATI_texture_float GL_EXT_shadow_funcs GL_EXT_stencil_wrap GL_MESA_pack_invert GL_NV_primitive_restart GL_ARB_depth_clamp GL_ARB_fragment_program_shadow GL_ARB_half_float_pixel GL_ARB_occlusion_query2 GL_ARB_point_sprite GL_ARB_shading_language_100 GL_ARB_sync GL_ARB_texture_non_power_of_two GL_ARB_vertex_buffer_object GL_ATI_blend_equation_separate GL_EXT_blend_equation_separate GL_OES_read_format GL_ARB_color_buffer_float GL_ARB_pixel_buffer_object GL_ARB_texture_compression_rgtc GL_ARB_texture_float GL_ARB_texture_rectangle GL_EXT_packed_float GL_EXT_pixel_buffer_object GL_EXT_texture_compression_dxt1 GL_EXT_texture_compression_rgtc GL_EXT_texture_rectangle GL_EXT_texture_sRGB GL_EXT_texture_shared_exponent GL_ARB_framebuffer_object GL_EXT_framebuffer_blit GL_EXT_framebuffer_multisample GL_EXT_packed_depth_stencil GL_APPLE_object_purgeable GL_ARB_vertex_array_object GL_ATI_separate_stencil GL_EXT_draw_buffers2 GL_EXT_draw_instanced GL_EXT_gpu_program_parameters GL_EXT_texture_array GL_EXT_texture_integer GL_EXT_texture_sRGB_decode GL_EXT_timer_query GL_OES_EGL_image GL_AMD_performance_monitor GL_ARB_copy_buffer GL_ARB_depth_buffer_float GL_ARB_draw_instanced GL_ARB_half_float_vertex GL_ARB_instanced_arrays GL_ARB_map_buffer_range GL_ARB_texture_rg GL_ARB_texture_swizzle GL_ARB_vertex_array_bgra GL_EXT_texture_swizzle GL_EXT_vertex_array_bgra GL_NV_conditional_render GL_AMD_conservative_depth GL_AMD_draw_buffers_blend GL_AMD_seamless_cubemap_per_texture GL_ARB_ES2_compatibility GL_ARB_blend_func_extended GL_ARB_debug_output GL_ARB_draw_buffers_blend GL_ARB_draw_elements_base_vertex GL_ARB_explicit_attrib_location GL_ARB_fragment_coord_conventions GL_ARB_provoking_vertex GL_ARB_sample_shading GL_ARB_sampler_objects GL_ARB_seamless_cube_map GL_ARB_shader_texture_lod GL_ARB_texture_cube_map_array GL_ARB_texture_gather GL_ARB_texture_multisample GL_ARB_texture_query_lod GL_ARB_texture_rgb10_a2ui GL_ARB_uniform_buffer_object GL_ARB_vertex_type_2_10_10_10_rev GL_EXT_provoking_vertex GL_EXT_texture_snorm GL_MESA_texture_signed_rgba GL_ARB_get_program_binary GL_ARB_robustness GL_ARB_separate_shader_objects GL_ARB_shader_bit_encoding GL_ARB_texture_compression_bptc GL_ARB_timer_query GL_ARB_transform_feedback2 GL_ARB_transform_feedback3 GL_ANGLE_texture_compression_dxt3 GL_ANGLE_texture_compression_dxt5 GL_ARB_compressed_texture_pixel_storage GL_ARB_conservative_depth GL_ARB_internalformat_query GL_ARB_map_buffer_alignment GL_ARB_shader_atomic_counters GL_ARB_shader_image_load_store GL_ARB_shading_language_420pack GL_ARB_shading_language_packing GL_ARB_texture_storage GL_ARB_transform_feedback_instanced GL_EXT_framebuffer_multisample_blit_scaled GL_EXT_transform_feedback GL_AMD_shader_trinary_minmax GL_ARB_ES3_compatibility GL_ARB_clear_buffer_object GL_ARB_copy_image GL_ARB_explicit_uniform_location GL_ARB_framebuffer_no_attachments GL_ARB_invalidate_subdata GL_ARB_program_interface_query GL_ARB_shader_image_size GL_ARB_texture_query_levels GL_ARB_texture_storage_multisample GL_ARB_texture_view GL_ARB_vertex_attrib_binding GL_KHR_debug GL_ARB_buffer_storage GL_ARB_clear_texture GL_ARB_multi_bind GL_ARB_seamless_cubemap_per_texture GL_ARB_texture_mirror_clamp_to_edge GL_ARB_vertex_type_10f_11f_11f_rev GL_EXT_shader_integer_mix GL_INTEL_performance_query GL_ARB_clip_control GL_ARB_conditional_render_inverted GL_ARB_derivative_control GL_ARB_get_texture_sub_image GL_ARB_pipeline_statistics_query GL_EXT_polygon_offset_clamp GL_KHR_context_flush_control 
13:34:46: Supported GLX extensions: GLX_ARB_create_context GLX_ARB_create_context_profile GLX_ARB_create_context_robustness GLX_ARB_fbconfig_float GLX_ARB_framebuffer_sRGB GLX_ARB_get_proc_address GLX_ARB_multisample GLX_EXT_import_context GLX_EXT_visual_info GLX_EXT_visual_rating GLX_EXT_framebuffer_sRGB GLX_EXT_create_context_es2_profile GLX_MESA_copy_sub_buffer GLX_MESA_multithread_makecurrent GLX_MESA_query_renderer GLX_MESA_swap_control GLX_OML_swap_method GLX_OML_sync_control GLX_SGI_make_current_read GLX_SGI_swap_control GLX_SGI_video_sync GLX_SGIS_multisample GLX_SGIX_fbconfig GLX_SGIX_pbuffer GLX_SGIX_visual_select_group GLX_EXT_texture_from_pixmap GLX_INTEL_swap_event 
13:34:46: ***************************
13:34:46: *** GL Renderer Started ***
13:34:46: ***************************
13:34:46: Registering ResourceManager for type GpuProgram
13:34:46: GLSL support detected
13:34:46: GL: Using GL_EXT_framebuffer_object for rendering to textures (best)
13:34:46: FBO PF_UNKNOWN depth/stencil support: D0S1 D0S4 D0S8 D0S16 D16S0 D16S1 D16S4 D16S8 D16S16 D24S0 D24S1 D24S4 D24S8 D24S16 D32S0 D32S1 D32S4 D32S8 D32S16 Packed-D24S8 
13:34:46: FBO PF_L8 depth/stencil support: D0S0 D0S1 D0S4 D0S8 D0S16 D16S0 D16S1 D16S4 D16S8 D16S16 D24S0 D24S1 D24S4 D24S8 D24S16 D32S0 D32S1 D32S4 D32S8 D32S16 Packed-D24S8 
13:34:46: FBO PF_L16 depth/stencil support: D0S0 D0S1 D0S4 D0S8 D0S16 D16S0 D16S1 D16S4 D16S8 D16S16 D24S0 D24S1 D24S4 D24S8 D24S16 D32S0 D32S1 D32S4 D32S8 D32S16 Packed-D24S8 
13:34:46: FBO PF_A8 depth/stencil support: D0S0 D0S1 D0S4 D0S8 D0S16 D16S0 D16S1 D16S4 D16S8 D16S16 D24S0 D24S1 D24S4 D24S8 D24S16 D32S0 D32S1 D32S4 D32S8 D32S16 Packed-D24S8 
13:34:46: FBO PF_R5G6B5 depth/stencil support: D0S0 D0S1 D0S4 D0S8 D0S16 D16S0 D16S1 D16S4 D16S8 D16S16 D24S0 D24S1 D24S4 D24S8 D24S16 D32S0 D32S1 D32S4 D32S8 D32S16 Packed-D24S8 
13:34:46: FBO PF_B5G6R5 depth/stencil support: D0S0 D0S1 D0S4 D0S8 D0S16 D16S0 D16S1 D16S4 D16S8 D16S16 D24S0 D24S1 D24S4 D24S8 D24S16 D32S0 D32S1 D32S4 D32S8 D32S16 Packed-D24S8 
13:34:46: FBO PF_A4R4G4B4 depth/stencil support: D0S0 D0S1 D0S4 D0S8 D0S16 D16S0 D16S1 D16S4 D16S8 D16S16 D24S0 D24S1 D24S4 D24S8 D24S16 D32S0 D32S1 D32S4 D32S8 D32S16 Packed-D24S8 
13:34:46: FBO PF_A1R5G5B5 depth/stencil support: D0S0 D0S1 D0S4 D0S8 D0S16 D16S0 D16S1 D16S4 D16S8 D16S16 D24S0 D24S1 D24S4 D24S8 D24S16 D32S0 D32S1 D32S4 D32S8 D32S16 Packed-D24S8 
13:34:46: FBO PF_R8G8B8 depth/stencil support: D0S0 D0S1 D0S4 D0S8 D0S16 D16S0 D16S1 D16S4 D16S8 D16S16 D24S0 D24S1 D24S4 D24S8 D24S16 D32S0 D32S1 D32S4 D32S8 D32S16 Packed-D24S8 
13:34:46: FBO PF_B8G8R8 depth/stencil support: D0S0 D0S1 D0S4 D0S8 D0S16 D16S0 D16S1 D16S4 D16S8 D16S16 D24S0 D24S1 D24S4 D24S8 D24S16 D32S0 D32S1 D32S4 D32S8 D32S16 Packed-D24S8 
13:34:46: FBO PF_A8R8G8B8 depth/stencil support: D0S0 D0S1 D0S4 D0S8 D0S16 D16S0 D16S1 D16S4 D16S8 D16S16 D24S0 D24S1 D24S4 D24S8 D24S16 D32S0 D32S1 D32S4 D32S8 D32S16 Packed-D24S8 
13:34:46: FBO PF_B8G8R8A8 depth/stencil support: D0S0 D0S1 D0S4 D0S8 D0S16 D16S0 D16S1 D16S4 D16S8 D16S16 D24S0 D24S1 D24S4 D24S8 D24S16 D32S0 D32S1 D32S4 D32S8 D32S16 Packed-D24S8 
13:34:46: FBO PF_A2R10G10B10 depth/stencil support: D0S0 D0S1 D0S4 D0S8 D0S16 D16S0 D16S1 D16S4 D16S8 D16S16 D24S0 D24S1 D24S4 D24S8 D24S16 D32S0 D32S1 D32S4 D32S8 D32S16 Packed-D24S8 
13:34:46: FBO PF_A2B10G10R10 depth/stencil support: D0S0 D0S1 D0S4 D0S8 D0S16 D16S0 D16S1 D16S4 D16S8 D16S16 D24S0 D24S1 D24S4 D24S8 D24S16 D32S0 D32S1 D32S4 D32S8 D32S16 Packed-D24S8 
13:34:46: FBO PF_FLOAT16_RGB depth/stencil support: D0S0 D0S1 D0S4 D0S8 D0S16 D16S0 D16S1 D16S4 D16S8 D16S16 D24S0 D24S1 D24S4 D24S8 D24S16 D32S0 D32S1 D32S4 D32S8 D32S16 Packed-D24S8 
13:34:46: FBO PF_FLOAT16_RGBA depth/stencil support: D0S0 D0S1 D0S4 D0S8 D0S16 D16S0 D16S1 D16S4 D16S8 D16S16 D24S0 D24S1 D24S4 D24S8 D24S16 D32S0 D32S1 D32S4 D32S8 D32S16 Packed-D24S8 
13:34:46: FBO PF_FLOAT32_RGBA depth/stencil support: D0S0 D0S1 D0S4 D0S8 D0S16 D16S0 D16S1 D16S4 D16S8 D16S16 D24S0 D24S1 D24S4 D24S8 D24S16 D32S0 D32S1 D32S4 D32S8 D32S16 Packed-D24S8 
13:34:46: FBO PF_X8R8G8B8 depth/stencil support: D0S0 D0S1 D0S4 D0S8 D0S16 D16S0 D16S1 D16S4 D16S8 D16S16 D24S0 D24S1 D24S4 D24S8 D24S16 D32S0 D32S1 D32S4 D32S8 D32S16 Packed-D24S8 
13:34:46: FBO PF_X8B8G8R8 depth/stencil support: D0S0 D0S1 D0S4 D0S8 D0S16 D16S0 D16S1 D16S4 D16S8 D16S16 D24S0 D24S1 D24S4 D24S8 D24S16 D32S0 D32S1 D32S4 D32S8 D32S16 Packed-D24S8 
13:34:46: FBO PF_SHORT_RGBA depth/stencil support: D0S0 D0S1 D0S4 D0S8 D0S16 D16S0 D16S1 D16S4 D16S8 D16S16 D24S0 D24S1 D24S4 D24S8 D24S16 D32S0 D32S1 D32S4 D32S8 D32S16 Packed-D24S8 
13:34:46: FBO PF_R3G3B2 depth/stencil support: D0S0 D0S1 D0S4 D0S8 D0S16 D16S0 D16S1 D16S4 D16S8 D16S16 D24S0 D24S1 D24S4 D24S8 D24S16 D32S0 D32S1 D32S4 D32S8 D32S16 Packed-D24S8 
13:34:46: FBO PF_FLOAT16_R depth/stencil support: D0S0 D0S1 D0S4 D0S8 D0S16 D16S0 D16S1 D16S4 D16S8 D16S16 D24S0 D24S1 D24S4 D24S8 D24S16 D32S0 D32S1 D32S4 D32S8 D32S16 Packed-D24S8 
13:34:46: FBO PF_FLOAT32_R depth/stencil support: D0S0 D0S1 D0S4 D0S8 D0S16 D16S0 D16S1 D16S4 D16S8 D16S16 D24S0 D24S1 D24S4 D24S8 D24S16 D32S0 D32S1 D32S4 D32S8 D32S16 Packed-D24S8 
13:34:46: FBO PF_SHORT_RGB depth/stencil support: D0S0 D0S1 D0S4 D0S8 D0S16 D16S0 D16S1 D16S4 D16S8 D16S16 D24S0 D24S1 D24S4 D24S8 D24S16 D32S0 D32S1 D32S4 D32S8 D32S16 Packed-D24S8 
13:34:46: [GL] : Valid FBO targets PF_UNKNOWN PF_L8 PF_L16 PF_A8 PF_R5G6B5 PF_B5G6R5 PF_A4R4G4B4 PF_A1R5G5B5 PF_R8G8B8 PF_B8G8R8 PF_A8R8G8B8 PF_B8G8R8A8 PF_A2R10G10B10 PF_A2B10G10R10 PF_FLOAT16_RGB PF_FLOAT16_RGBA PF_FLOAT32_RGBA PF_X8R8G8B8 PF_X8B8G8R8 PF_SHORT_RGBA PF_R3G3B2 PF_FLOAT16_R PF_FLOAT32_R PF_SHORT_RGB 
13:34:46: RenderSystem capabilities
13:34:46: -------------------------
13:34:46: RenderSystem Name: OpenGL Rendering Subsystem
13:34:46: GPU Vendor: intel
13:34:46: Device Name: Mesa DRI Intel(R) Haswell Mobile 
13:34:46: Driver Version: 3.0.0.0
13:34:46:  * Fixed function pipeline: yes
13:34:46:  * Hardware generation of mipmaps: no
13:34:46:  * Texture blending: yes
13:34:46:  * Anisotropic texture filtering: yes
13:34:46:  * Dot product texture operation: yes
13:34:46:  * Cube mapping: yes
13:34:46:  * Hardware stencil buffer: yes
13:34:46:    - Stencil depth: 8
13:34:46:    - Two sided stencil support: yes
13:34:46:    - Wrap stencil values: yes
13:34:46:  * Hardware vertex / index buffers: yes
13:34:46:  * 32-bit index buffers: yes
13:34:46:  * Vertex programs: yes
13:34:46:  * Number of floating-point constants for vertex programs: 4096
13:34:46:  * Number of integer constants for vertex programs: 0
13:34:46:  * Number of boolean constants for vertex programs: 0
13:34:46:  * Fragment programs: yes
13:34:46:  * Number of floating-point constants for fragment programs: 4096
13:34:46:  * Number of integer constants for fragment programs: 0
13:34:46:  * Number of boolean constants for fragment programs: 0
13:34:46:  * Geometry programs: no
13:34:46:  * Number of floating-point constants for geometry programs: 29816
13:34:46:  * Number of integer constants for geometry programs: 29301
13:34:46:  * Number of boolean constants for geometry programs: 24421
13:34:46:  * Tessellation Hull programs: no
13:34:46:  * Number of floating-point constants for tessellation hull programs: 25964
13:34:46:  * Number of integer constants for tessellation hull programs: 25710
13:34:46:  * Number of boolean constants for tessellation hull programs: 25951
13:34:46:  * Tessellation Domain programs: no
13:34:46:  * Number of floating-point constants for tessellation domain programs: 30065
13:34:46:  * Number of integer constants for tessellation domain programs: 29793
13:34:46:  * Number of boolean constants for tessellation domain programs: 28521
13:34:46:  * Compute programs: no
13:34:46:  * Number of floating-point constants for compute programs: 24430
13:34:46:  * Number of integer constants for compute programs: 25971
13:34:46:  * Number of boolean constants for compute programs: 24944
13:34:46:  * Supported Shader Profiles: arbfp1 arbvp1 glsl glsl100 glsl110 glsl120
13:34:46:  * Texture Compression: yes
13:34:46:    - DXT: yes
13:34:46:    - VTC: no
13:34:46:    - PVRTC: no
13:34:46:    - ATC: no
13:34:46:    - ETC1: no
13:34:46:    - ETC2: no
13:34:46:    - BC4/BC5: no
13:34:46:    - BC6H/BC7: no
13:34:46:  * Scissor Rectangle: yes
13:34:46:  * Hardware Occlusion Query: yes
13:34:46:  * User clip planes: yes
13:34:46:  * VET_UBYTE4 vertex element type: yes
13:34:46:  * Infinite far plane projection: yes
13:34:46:  * Hardware render-to-texture: yes
13:34:46:  * Floating point textures: yes
13:34:46:  * Non-power-of-two textures: yes
13:34:46:  * 1d textures: yes
13:34:46:  * Volume textures: yes
13:34:46:  * Multiple Render Targets: 8
13:34:46:    - With different bit depths: yes
13:34:46:  * Point Sprites: yes
13:34:46:  * Extended point parameters: yes
13:34:46:  * Max Point Size: 255
13:34:46:  * Vertex texture fetch: yes
13:34:46:  * Number of world matrices: 0
13:34:46:  * Number of texture units: 16
13:34:46:  * Stencil buffer depth: 8
13:34:46:  * Number of vertex blend matrices: 0
13:34:46:    - Max vertex textures: 32
13:34:46:    - Vertex textures shared: yes
13:34:46:  * Render to Vertex Buffer : no
13:34:46:  * Hardware Atomic Counters: no
13:34:46:  * GL 1.5 without VBO workaround: no
13:34:46:  * Frame Buffer objects: yes
13:34:46:  * Frame Buffer objects (ARB extension): no
13:34:46:  * Frame Buffer objects (ATI extension): no
13:34:46:  * PBuffer support: yes
13:34:46:  * GL 1.5 without HW-occlusion workaround: no
13:34:46:  * Vertex Array Objects: no
13:34:46:  * Separate shader objects: no
13:34:46: DefaultWorkQueue('Root') initialising on thread 7f55b062d7c0.
13:34:46: DefaultWorkQueue('Root')::WorkerFunc - thread 7f55a24ce700 starting.
13:34:46: DefaultWorkQueue('Root')::WorkerFunc - thread 7f55a2ccf700 starting.
13:34:46: Particle Renderer Type 'billboard' registered
13:34:46: DefaultWorkQueue('Root')::WorkerFunc - thread 7f55a34d0700 starting.
13:34:46: Parsing scripts for resource group 
13:34:46: DefaultWorkQueue('Root')::WorkerFunc - thread 7f55a1ccd700 starting.
13:34:46: Parsing script Penguin.material
13:34:46: Parsing script Sinbad.material
13:34:46: Parsing script archer.material
13:34:46: Parsing script priest.material
13:34:46: Parsing script warrior.material
13:34:46: Parsing script mage.material
13:34:46: Parsing script gui.material
13:34:46: Parsing script blueBannerMat.material
13:34:46: Parsing script swordMat.material
13:34:46: Parsing script TrainingDummy4.material
13:34:46: Parsing script carpetMat.material
13:34:46: Parsing script floorGridMat.material
13:34:46: Parsing script pillarMat.material
13:34:46: Parsing script wallSideMat.material
13:34:46: Parsing script crateMat.material
13:34:46: Parsing script weaponrackMat.material
13:34:46: Parsing script graveMat.material
13:34:46: Parsing script benchMat.material
13:34:46: Parsing script chestMat.material
13:34:46: Parsing script sawMat.material
13:34:46: Parsing script cube.material
13:34:46: Parsing script floorBloodMat.material
13:34:46: Parsing script floor.material
13:34:46: Parsing script cageMat.material
13:34:46: Parsing script barrelMat.material
13:34:46: Parsing script stairsMat.material
13:34:46: Parsing script hotelMat.material
13:34:46: Parsing script arrow.material
13:34:46: Parsing script Ice.material
13:34:46: Parsing script boomerang.material
13:34:46: Finished parsing scripts for resource group 
13:34:46: Creating resources for group 
13:34:46: All done
13:34:46: Parsing scripts for resource group Autodetect
13:34:46: Finished parsing scripts for resource group Autodetect
13:34:46: Creating resources for group Autodetect
13:34:46: All done
13:34:46: Parsing scripts for resource group General
13:34:46: Finished parsing scripts for resource group General
13:34:46: Creating resources for group General
13:34:46: All done
13:34:46: Parsing scripts for resource group Imagesets
13:34:46: Finished parsing scripts for resource group Imagesets
13:34:46: Creating resources for group Imagesets
13:34:46: All done
13:34:46: Parsing scripts for resource group Internal
13:34:46: Finished parsing scripts for resource group Internal
13:34:46: Creating resources for group Internal
13:34:46: All done
13:34:46: *** Initializing OIS ***
13:34:46: OverlayElementFactory for type Panel registered.
13:34:46: OverlayElementFactory for type BorderPanel registered.
13:34:46: OverlayElementFactory for type TextArea registered.
13:34:46: Registering ResourceManager for type Font
13:34:46: Material Gray was requested with isManual=true, but this is not applicable for materials; the flag has been reset to false
13:34:46: Material Peru was requested with isManual=true, but this is not applicable for materials; the flag has been reset to false
13:34:46: Material SaddleBrown was requested with isManual=true, but this is not applicable for materials; the flag has been reset to false
13:34:46: Material Goldenrod was requested with isManual=true, but this is not applicable for materials; the flag has been reset to false
13:34:46: Material Gold was requested with isManual=true, but this is not applicable for materials; the flag has been reset to false
13:34:46: lib found indie-studio/script/lib/libGauntlet, loading script
13:34:46: push Dynamic gameObject
13:34:46: lib found indie-studio/script/lib/libGUILayouts, loading script
13:34:46: push Dynamic gameObject
13:34:46: Font OpenSans using texture size 512x512
13:34:46: Info: Freetype returned null for character 160 in font OpenSans
13:34:46: Texture: OpenSansTexture: Loading 1 faces(PF_BYTE_LA,512x512x1) with 0 generated mipmaps from Image. Internal format is PF_BYTE_LA,512x512x1.
13:36:14: lib found indie-studio/script/lib/libSMapGenerator, loading script
13:36:14: push Dynamic gameObject
13:36:14: Mesh: Loading floor.mesh.
13:36:14: Texture: floor.png: Loading 1 faces(PF_A8B8G8R8,1024x1024x1) with 5 generated mipmaps from Image. Internal format is PF_A8R8G8B8,1024x1024x1.
13:36:14: Mesh: Loading wall.mesh.
13:36:14: Texture: cube.png: Loading 1 faces(PF_A8B8G8R8,1024x1024x1) with 5 generated mipmaps from Image. Internal format is PF_A8R8G8B8,1024x1024x1.
13:36:14: Mesh: Loading wallSide.mesh.
13:36:14: Texture: wallSide.png: Loading 1 faces(PF_A8B8G8R8,1024x1024x1) with 5 generated mipmaps from Image. Internal format is PF_A8R8G8B8,1024x1024x1.
13:36:14: Mesh: Loading crate.mesh.
13:36:14: Texture: wood-pattern-high-quality.jpg: Loading 1 faces(PF_B8G8R8,3264x2448x1) with 5 generated mipmaps from Image. Internal format is PF_X8R8G8B8,3264x2448x1.
13:36:15: Mesh: Loading barrel.mesh.
13:36:15: Texture: barrel.jpg: Loading 1 faces(PF_B8G8R8,512x512x1) with 5 generated mipmaps from Image. Internal format is PF_X8R8G8B8,512x512x1.
13:36:15: Mesh: Loading floorBlood.mesh.
13:36:15: Texture: DungeonTex3.png: Loading 1 faces(PF_A8B8G8R8,1024x1024x1) with 5 generated mipmaps from Image. Internal format is PF_A8R8G8B8,1024x1024x1.
13:36:15: lib found indie-studio/script/lib/libStairs, loading script
13:36:15: Mesh: Loading stairs.mesh.
13:36:15: Texture: stairs.png: Loading 1 faces(PF_A8B8G8R8,1024x1024x1) with 5 generated mipmaps from Image. Internal format is PF_A8R8G8B8,1024x1024x1.
13:36:15: push Dynamic gameObject
13:36:15: Mesh: Loading pillar.mesh.
13:36:15: Texture: pillar.png: Loading 1 faces(PF_A8B8G8R8,1024x1024x1) with 5 generated mipmaps from Image. Internal format is PF_A8R8G8B8,1024x1024x1.
13:36:15: Mesh: Loading blueBanner.mesh.
13:36:15: Texture: DungeonTex1.png: Loading 1 faces(PF_A8B8G8R8,1024x1024x1) with 5 generated mipmaps from Image. Internal format is PF_A8R8G8B8,1024x1024x1.
13:36:15: lib found indie-studio/script/lib/libMage, loading script
13:36:15: Mesh: Loading mage.mesh.
13:36:15: Skeleton: Loading mage.skeleton
13:36:15: WARNING: mage.mesh is an older format ([MeshSerializer_v1.8]); you should upgrade it as soon as possible using the OgreMeshUpgrade tool.
13:36:15: Texture: female_mage_texture.png: Loading 1 faces(PF_B8G8R8,512x512x1) with 5 generated mipmaps from Image. Internal format is PF_X8R8G8B8,512x512x1.
13:36:15: push Dynamic gameObject
13:36:17: lib found indie-studio/script/lib/libRangeAutoAttack, loading script
13:36:17: Mesh: Loading Icicle.mesh.
13:36:17: WARNING: Icicle.mesh is an older format ([MeshSerializer_v1.8]); you should upgrade it as soon as possible using the OgreMeshUpgrade tool.
13:36:17: push Dynamic gameObject
13:36:18: push Dynamic gameObject
13:36:19: push Dynamic gameObject
13:36:20: push Dynamic gameObject
13:36:21: push Dynamic gameObject
13:36:23: Mesh: Loading hotel.mesh.
13:36:23: Texture: hotel.png: Loading 1 faces(PF_A8B8G8R8,1024x1024x1) with 5 generated mipmaps from Image. Internal format is PF_A8R8G8B8,1024x1024x1.
13:36:23: Mesh: Loading carpet.mesh.
13:36:23: Texture: carpet.png: Loading 1 faces(PF_A8B8G8R8,1024x1024x1) with 5 generated mipmaps from Image. Internal format is PF_A8R8G8B8,1024x1024x1.
13:36:23: Mesh: Loading bench.mesh.
13:36:23: Texture: bench.jpg: Loading 1 faces(PF_B8G8R8,512x512x1) with 5 generated mipmaps from Image. Internal format is PF_X8R8G8B8,512x512x1.
13:36:23: lib found indie-studio/script/lib/libGobelin, loading script
13:36:23: Mesh: Loading penguin.mesh.
13:36:23: Skeleton: Loading penguin.skeleton
13:36:23: OGRE EXCEPTION(6:FileNotFoundException): Cannot locate resource penguin.skeleton in resource group  or any other group. in ResourceGroupManager::openResource at /home/resse_e/ogre/sinbad-ogre-77fbb0963a80/OgreMain/src/OgreResourceGroupManager.cpp (line 757)
13:36:23: Unable to load skeleton penguin.skeleton for Mesh penguin.mesh. This Mesh will not be animated. You can ignore this message if you are using an offline tool.
13:36:23: WARNING: penguin.mesh is an older format ([MeshSerializer_v1.8]); you should upgrade it as soon as possible using the OgreMeshUpgrade tool.
13:36:23: Texture: penguin.jpg: Loading 1 faces(PF_B8G8R8,512x512x1) with 5 generated mipmaps from Image. Internal format is PF_X8R8G8B8,512x512x1.
13:36:23: push Dynamic gameObject
13:36:23: Mesh: Loading floorGrid.mesh.
13:36:23: Texture: floorGrid.png: Loading 1 faces(PF_A8B8G8R8,1024x1024x1) with 5 generated mipmaps from Image. Internal format is PF_A8R8G8B8,1024x1024x1.
13:36:23: Mesh: Loading saw.mesh.
13:36:23: Texture: WorkshopMachine2.png: Loading 1 faces(PF_A8B8G8R8,1024x1024x1) with 5 generated mipmaps from Image. Internal format is PF_A8R8G8B8,1024x1024x1.
13:36:23: push Dynamic gameObject
13:36:23: push Dynamic gameObject
13:36:23: push Dynamic gameObject
13:36:23: Mesh: Loading TrainingDummy4.mesh.
13:36:23: Skeleton: Loading TrainingDummy4.skeleton
13:36:23: OGRE EXCEPTION(6:FileNotFoundException): Cannot locate resource TrainingDummy4.skeleton in resource group  or any other group. in ResourceGroupManager::openResource at /home/resse_e/ogre/sinbad-ogre-77fbb0963a80/OgreMain/src/OgreResourceGroupManager.cpp (line 757)
13:36:23: Unable to load skeleton TrainingDummy4.skeleton for Mesh TrainingDummy4.mesh. This Mesh will not be animated. You can ignore this message if you are using an offline tool.
13:36:23: Texture: TrainingDummy4.png: Loading 1 faces(PF_A8B8G8R8,1024x1024x1) with 5 generated mipmaps from Image. Internal format is PF_A8R8G8B8,1024x1024x1.
13:36:23: Mesh: Loading sword.mesh.
13:36:23: Texture: swordUnwrap.png: Loading 1 faces(PF_B8G8R8,2048x2048x1) with 5 generated mipmaps from Image. Internal format is PF_X8R8G8B8,2048x2048x1.
13:36:23: push Dynamic gameObject
13:36:23: Mesh: Loading Grave.mesh.
13:36:23: push Dynamic gameObject
13:36:23: push Dynamic gameObject
13:36:23: push Dynamic gameObject
13:36:23: push Dynamic gameObject
13:36:23: push Dynamic gameObject
13:36:23: push Dynamic gameObject
13:36:23: push Dynamic gameObject
13:36:23: push Dynamic gameObject
13:36:23: push Dynamic gameObject
13:36:23: push Dynamic gameObject
13:36:23: push Dynamic gameObject
13:36:23: push Dynamic gameObject
13:36:23: push Dynamic gameObject
13:36:23: push Dynamic gameObject
13:36:23: push Dynamic gameObject
13:36:23: push Dynamic gameObject
13:36:23: push Dynamic gameObject
13:36:23: push Dynamic gameObject
13:36:23: push Dynamic gameObject
13:36:23: push Dynamic gameObject
13:36:23: push Dynamic gameObject
13:36:23: push Dynamic gameObject
13:36:23: push Dynamic gameObject
13:36:25: push Dynamic gameObject
13:36:26: push Dynamic gameObject
13:36:26: push Dynamic gameObject
13:36:27: push Dynamic gameObject
13:36:28: push Dynamic gameObject
13:36:28: push Dynamic gameObject
13:36:29: push Dynamic gameObject
13:36:29: push Dynamic gameObject
13:36:30: push Dynamic gameObject
13:36:31: push Dynamic gameObject
13:36:31: push Dynamic gameObject
13:36:32: push Dynamic gameObject
13:36:32: push Dynamic gameObject
13:36:34: push Dynamic gameObject
13:36:34: push Dynamic gameObject
13:36:35: push Dynamic gameObject
13:36:35: push Dynamic gameObject
13:36:36: push Dynamic gameObject
13:36:37: push Dynamic gameObject
13:36:37: push Dynamic gameObject
13:36:38: push Dynamic gameObject
13:36:39: push Dynamic gameObject
13:36:39: push Dynamic gameObject
13:36:40: push Dynamic gameObject
13:36:41: push Dynamic gameObject
13:36:42: push Dynamic gameObject
13:36:43: push Dynamic gameObject
13:36:44: push Dynamic gameObject
13:36:46: push Dynamic gameObject
13:36:46: push Dynamic gameObject
13:36:47: push Dynamic gameObject
13:36:48: push Dynamic gameObject
13:36:48: push Dynamic gameObject
13:36:49: push Dynamic gameObject
13:36:50: push Dynamic gameObject
13:36:55: push Dynamic gameObject
13:36:56: push Dynamic gameObject
13:36:56: push Dynamic gameObject
13:36:57: push Dynamic gameObject
13:36:57: push Dynamic gameObject
13:36:58: push Dynamic gameObject
13:36:59: push Dynamic gameObject
13:36:59: push Dynamic gameObject
13:37:00: push Dynamic gameObject
13:37:03: push Dynamic gameObject
13:37:03: push Dynamic gameObject
