17:45:01: Creating resource group General
17:45:01: Creating resource group Internal
17:45:01: Creating resource group Autodetect
17:45:01: Registering ResourceManager for type Mesh
17:45:01: Registering ResourceManager for type Material
17:45:01: Registering ResourceManager for type Skeleton
17:45:01: XMLMeshSerializer reading mesh data from mage.mesh.xml...
17:45:01: Reading geometry...
17:45:01: Geometry done...
17:45:01: Reading submeshes...
17:45:01: Submeshes done.
17:45:01: Skeleton: Loading mage.skeleton
17:45:01: OGRE EXCEPTION(6:FileNotFoundException): Cannot locate resource mage.skeleton in resource group General or any other group. in ResourceGroupManager::openResource at /home/lafon_l/Downloads/ogre/ogre_src_v1-8-1/OgreMain/src/OgreResourceGroupManager.cpp (line 756)
17:45:01: Unable to load skeleton mage.skeleton for Mesh conversion. This Mesh will not be animated. You can ignore this message if you are using an offline tool.
17:45:01: Reading bone assignments...
17:45:01: Bone assignments done.
17:45:01: Reading mesh names...
17:45:01: Mesh names done.
17:45:01: XMLMeshSerializer import successful.
17:45:01: Reorganising vertex buffers to automatic layout..
17:45:01: MeshSerializer writing mesh data to stream ...
17:45:01: File header written.
17:45:01: Writing mesh data...
17:45:01: Writing submesh...
17:45:01: Exporting submesh texture aliases...
17:45:01: Submesh texture aliases exported.
17:45:01: Submesh exported.
17:45:01: Exporting skeleton link...
17:45:01: Skeleton link exported.
17:45:01: Exporting shared geometry bone assignments...
17:45:01: Shared geometry bone assignments exported.
17:45:01: Exporting bounds information....
17:45:01: Bounds information exported.
17:45:01: Exporting submesh name table...
17:45:01: Submesh name table exported.
17:45:01: Exporting edge lists...
17:45:01: Edge lists exported
17:45:01: Mesh data exported.
17:45:01: MeshSerializer export successful.
17:45:01: Unregistering ResourceManager for type Skeleton
17:45:01: Unregistering ResourceManager for type Material
17:45:01: Unregistering ResourceManager for type Mesh
