17:21:59: Creating resource group General
17:21:59: Creating resource group Internal
17:21:59: Creating resource group Autodetect
17:21:59: Registering ResourceManager for type Mesh
17:21:59: Registering ResourceManager for type Material
17:21:59: Registering ResourceManager for type Skeleton
17:21:59: XMLMeshSerializer reading mesh data from warrior.mesh.xml...
17:21:59: Reading geometry...
17:21:59: Geometry done...
17:21:59: Reading submeshes...
17:21:59: Submeshes done.
17:21:59: Skeleton: Loading warrior.skeleton
17:21:59: OGRE EXCEPTION(6:FileNotFoundException): Cannot locate resource warrior.skeleton in resource group General or any other group. in ResourceGroupManager::openResource at /home/lafon_l/Downloads/ogre/ogre_src_v1-8-1/OgreMain/src/OgreResourceGroupManager.cpp (line 756)
17:21:59: Unable to load skeleton warrior.skeleton for Mesh conversion. This Mesh will not be animated. You can ignore this message if you are using an offline tool.
17:21:59: Reading bone assignments...
17:21:59: Bone assignments done.
17:21:59: Reading mesh names...
17:21:59: Mesh names done.
17:21:59: XMLMeshSerializer import successful.
17:21:59: Reorganising vertex buffers to automatic layout..
17:21:59: MeshSerializer writing mesh data to stream ...
17:21:59: File header written.
17:21:59: Writing mesh data...
17:21:59: Writing submesh...
17:21:59: Exporting submesh texture aliases...
17:21:59: Submesh texture aliases exported.
17:21:59: Submesh exported.
17:21:59: Exporting skeleton link...
17:21:59: Skeleton link exported.
17:21:59: Exporting shared geometry bone assignments...
17:21:59: Shared geometry bone assignments exported.
17:21:59: Exporting bounds information....
17:21:59: Bounds information exported.
17:21:59: Exporting submesh name table...
17:21:59: Submesh name table exported.
17:21:59: Exporting edge lists...
17:21:59: Edge lists exported
17:21:59: Mesh data exported.
17:21:59: MeshSerializer export successful.
17:21:59: Unregistering ResourceManager for type Skeleton
17:21:59: Unregistering ResourceManager for type Material
17:21:59: Unregistering ResourceManager for type Mesh
