17:35:37: Creating resource group General
17:35:37: Creating resource group Internal
17:35:37: Creating resource group Autodetect
17:35:37: Registering ResourceManager for type Mesh
17:35:37: Registering ResourceManager for type Material
17:35:37: Registering ResourceManager for type Skeleton
17:35:37: XMLMeshSerializer reading mesh data from archer.mesh.xml...
17:35:37: Reading geometry...
17:35:37: Geometry done...
17:35:37: Reading submeshes...
17:35:37: Submeshes done.
17:35:37: Skeleton: Loading archer.skeleton
17:35:37: OGRE EXCEPTION(6:FileNotFoundException): Cannot locate resource archer.skeleton in resource group General or any other group. in ResourceGroupManager::openResource at /home/lafon_l/Downloads/ogre/ogre_src_v1-8-1/OgreMain/src/OgreResourceGroupManager.cpp (line 756)
17:35:37: Unable to load skeleton archer.skeleton for Mesh conversion. This Mesh will not be animated. You can ignore this message if you are using an offline tool.
17:35:37: Reading bone assignments...
17:35:37: Bone assignments done.
17:35:37: Reading mesh names...
17:35:37: Mesh names done.
17:35:37: XMLMeshSerializer import successful.
17:35:37: Reorganising vertex buffers to automatic layout..
17:35:37: MeshSerializer writing mesh data to stream ...
17:35:37: File header written.
17:35:37: Writing mesh data...
17:35:37: Writing submesh...
17:35:37: Exporting submesh texture aliases...
17:35:37: Submesh texture aliases exported.
17:35:37: Submesh exported.
17:35:37: Exporting skeleton link...
17:35:37: Skeleton link exported.
17:35:37: Exporting shared geometry bone assignments...
17:35:37: Shared geometry bone assignments exported.
17:35:37: Exporting bounds information....
17:35:37: Bounds information exported.
17:35:37: Exporting submesh name table...
17:35:37: Submesh name table exported.
17:35:37: Exporting edge lists...
17:35:37: Edge lists exported
17:35:37: Mesh data exported.
17:35:37: MeshSerializer export successful.
17:35:37: Unregistering ResourceManager for type Skeleton
17:35:37: Unregistering ResourceManager for type Material
17:35:37: Unregistering ResourceManager for type Mesh
