18:38:36: Creating resource group General
18:38:36: Creating resource group Internal
18:38:36: Creating resource group Autodetect
18:38:36: Registering ResourceManager for type Mesh
18:38:36: Registering ResourceManager for type Material
18:38:36: Registering ResourceManager for type Skeleton
18:38:36: XMLMeshSerializer reading mesh data from Icicle.mesh.xml...
18:38:36: Reading geometry...
18:38:36: Geometry done...
18:38:36: Reading submeshes...
18:38:36: Submeshes done.
18:38:36: Reading mesh names...
18:38:36: Mesh names done.
18:38:36: XMLMeshSerializer import successful.
18:38:36: Reorganising vertex buffers to automatic layout..
18:38:36: MeshSerializer writing mesh data to stream ...
18:38:36: File header written.
18:38:36: Writing mesh data...
18:38:36: Writing submesh...
18:38:36: Exporting submesh texture aliases...
18:38:36: Submesh texture aliases exported.
18:38:36: Submesh exported.
18:38:36: Exporting bounds information....
18:38:36: Bounds information exported.
18:38:36: Exporting submesh name table...
18:38:36: Submesh name table exported.
18:38:36: Exporting edge lists...
18:38:36: Edge lists exported
18:38:36: Mesh data exported.
18:38:36: MeshSerializer export successful.
18:38:36: Unregistering ResourceManager for type Skeleton
18:38:36: Unregistering ResourceManager for type Material
18:38:36: Unregistering ResourceManager for type Mesh
