20:15:05: Creating resource group General
20:15:05: Creating resource group Internal
20:15:05: Creating resource group Autodetect
20:15:05: Registering ResourceManager for type Mesh
20:15:05: Registering ResourceManager for type Material
20:15:05: Registering ResourceManager for type Skeleton
20:15:05: XMLMeshSerializer reading mesh data from arrow.mesh.xml...
20:15:05: Reading geometry...
20:15:05: Geometry done...
20:15:05: Reading submeshes...
20:15:05: Submeshes done.
20:15:05: Reading mesh names...
20:15:05: Mesh names done.
20:15:05: XMLMeshSerializer import successful.
20:15:05: Reorganising vertex buffers to automatic layout..
20:15:05: MeshSerializer writing mesh data to stream ...
20:15:05: File header written.
20:15:05: Writing mesh data...
20:15:05: Writing submesh...
20:15:05: Exporting submesh texture aliases...
20:15:05: Submesh texture aliases exported.
20:15:05: Submesh exported.
20:15:05: Exporting bounds information....
20:15:05: Bounds information exported.
20:15:05: Exporting submesh name table...
20:15:05: Submesh name table exported.
20:15:05: Exporting edge lists...
20:15:05: Edge lists exported
20:15:05: Mesh data exported.
20:15:05: MeshSerializer export successful.
20:15:05: Unregistering ResourceManager for type Skeleton
20:15:05: Unregistering ResourceManager for type Material
20:15:05: Unregistering ResourceManager for type Mesh
